<?xml version="1.0" encoding="UTF-8"?>
<!-- Generated by org.testng.reporters.JUnitReportReporter -->
<testsuite hostname="LAPTOP-NCUR2OHV" failures="0" tests="1" name="CoverFoxTest.TestClass" time="0.223" errors="0" timestamp="2024-08-10T14:12:55 IST" skipped="0">
  <testcase classname="CoverFoxTest.TestClass" name="validatePresenceOfSortDropdown" time="0.223">
    <system-out>
      <![CDATA[Validating the presence of sort dropdown on result page
Taking Screenshot]]>
    </system-out>
  </testcase> <!-- validatePresenceOfSortDropdown -->
  <system-out>
    <![CDATA[Launchig the browser
Click on get started
Click on next button
Select age
Click on next button
enter pincode
enter mobileNo
Click on Continue Btn
Validating the presence of sort dropdown on result page
Taking Screenshot
Closing the browser]]>
  </system-out>
</testsuite> <!-- CoverFoxTest.TestClass -->
