<?xml version="1.0" encoding="UTF-8"?>
<!-- Generated by org.testng.reporters.JUnitReportReporter -->
<testsuite hostname="LAPTOP-NCUR2OHV" failures="0" tests="2" name="CoverFoxTest.TestClass" time="0.311" errors="0" timestamp="2024-08-20T07:26:23 IST" skipped="0">
  <testcase classname="CoverFoxTest.TestClass" name="validateBanners" time="0.166">
    <system-out>
      <![CDATA[TC validateBanners exceution is started
Validating the no of banners on result page
Taking Screenshot
TcvalidateBannersis successful or passed]]>
    </system-out>
  </testcase> <!-- validateBanners -->
  <testcase classname="CoverFoxTest.TestClass" name="validatePresenceOfSortDropdown" time="0.145">
    <system-out>
      <![CDATA[TC validatePresenceOfSortDropdown exceution is started
Validating the presence of sort dropdown on result page
Taking Screenshot
TcvalidatePresenceOfSortDropdownis successful or passed]]>
    </system-out>
  </testcase> <!-- validatePresenceOfSortDropdown -->
  <system-out>
    <![CDATA[Launchig the browser
Click on get started
Click on next button
Select age
Click on next button
enter pincode
enter mobileNo
Click on Continue Btn
TC validateBanners exceution is started
Validating the no of banners on result page
Taking Screenshot
TcvalidateBannersis successful or passed
TC validatePresenceOfSortDropdown exceution is started
Validating the presence of sort dropdown on result page
Taking Screenshot
TcvalidatePresenceOfSortDropdownis successful or passed]]>
  </system-out>
</testsuite> <!-- CoverFoxTest.TestClass -->
